mode: set
example.com/pz15-tests/internal/stringsx/stringsx.go:4.37,5.13 1 1
example.com/pz15-tests/internal/stringsx/stringsx.go:5.13,7.3 1 1
example.com/pz15-tests/internal/stringsx/stringsx.go:8.2,8.19 1 1
example.com/pz15-tests/internal/stringsx/stringsx.go:8.19,10.3 1 1
example.com/pz15-tests/internal/stringsx/stringsx.go:11.2,11.16 1 1
example.com/pz15-tests/internal/mathx/mathx.go:5.24,7.2 1 1
example.com/pz15-tests/internal/mathx/mathx.go:9.36,10.12 1 1
example.com/pz15-tests/internal/mathx/mathx.go:10.12,12.3 1 1
example.com/pz15-tests/internal/mathx/mathx.go:13.2,13.19 1 1
example.com/pz15-tests/internal/service/service.go:7.34,9.2 1 1
example.com/pz15-tests/internal/service/service.go:12.62,14.16 2 1
example.com/pz15-tests/internal/service/service.go:14.16,16.3 1 1
example.com/pz15-tests/internal/service/service.go:17.2,17.18 1 1
